<?xml version="1.0" encoding="UTF-8"?>
<testng-results skipped="0" failed="0" ignored="0" total="1" passed="1">
  <reporter-output>
  </reporter-output>
  <suite name="Suite" duration-ms="28644" started-at="2020-04-10T11:08:12Z" finished-at="2020-04-10T11:08:41Z">
    <groups>
    </groups>
    <test name="Test" duration-ms="28644" started-at="2020-04-10T11:08:12Z" finished-at="2020-04-10T11:08:41Z">
      <class name="TestNGTestCases.SampleTC">
        <test-method status="PASS" signature="setUp()[pri:0, instance:TestNGTestCases.SampleTC@1e88b3c]" name="setUp" is-config="true" duration-ms="16447" started-at="2020-04-10T11:08:12Z" finished-at="2020-04-10T11:08:28Z">
          <reporter-output>
          </reporter-output>
        </test-method> <!-- setUp -->
        <test-method status="PASS" signature="beforeMethod(java.lang.reflect.Method)[pri:0, instance:TestNGTestCases.SampleTC@1e88b3c]" name="beforeMethod" is-config="true" duration-ms="3" started-at="2020-04-10T11:08:28Z" finished-at="2020-04-10T11:08:28Z">
          <params>
            <param index="0">
              <value>
                <![CDATA[public void TestNGTestCases.SampleTC.TestCase1() throws java.lang.Exception]]>
              </value>
            </param>
          </params>
          <reporter-output>
          </reporter-output>
        </test-method> <!-- beforeMethod -->
        <test-method status="PASS" signature="TestCase1()[pri:0, instance:TestNGTestCases.SampleTC@1e88b3c]" name="TestCase1" duration-ms="7877" started-at="2020-04-10T11:08:28Z" finished-at="2020-04-10T11:08:36Z">
          <reporter-output>
          </reporter-output>
        </test-method> <!-- TestCase1 -->
        <test-method status="PASS" signature="tearDown()[pri:0, instance:TestNGTestCases.SampleTC@1e88b3c]" name="tearDown" is-config="true" duration-ms="4257" started-at="2020-04-10T11:08:36Z" finished-at="2020-04-10T11:08:41Z">
          <reporter-output>
          </reporter-output>
        </test-method> <!-- tearDown -->
      </class> <!-- TestNGTestCases.SampleTC -->
    </test> <!-- Test -->
  </suite> <!-- Suite -->
</testng-results>
